[datetime.datetime(2017, 8, 1, 12, 0, tzinfo=<DstTzInfo 'Asia/Kolkata' IST+5:30:00 STD>), datetime.datetime(2017, 8, 1, 13, 26, tzinfo=<DstTzInfo 'Asia/Kolkata' IST+5:30:00 STD>)]
[datetime.datetime(2017, 9, 30, 12, 0, tzinfo=<DstTzInfo 'Asia/Kolkata' IST+5:30:00 STD>), datetime.datetime(2017, 8, 1, 13, 26, tzinfo=<DstTzInfo 'Asia/Kolkata' IST+5:30:00 STD>)]
Failed to create Test - English Comprehension Test
[datetime.datetime(2017, 8, 1, 12, 0, tzinfo=<DstTzInfo 'Asia/Kolkata' IST+5:30:00 STD>), datetime.datetime(2017, 8, 1, 13, 26, tzinfo=<DstTzInfo 'Asia/Kolkata' IST+5:30:00 STD>)]
[datetime.datetime(2017, 9, 30, 12, 0, tzinfo=<DstTzInfo 'Asia/Kolkata' IST+5:30:00 STD>), datetime.datetime(2017, 8, 1, 13, 26, tzinfo=<DstTzInfo 'Asia/Kolkata' IST+5:30:00 STD>)]
Failed to create Test - English Comprehension Test
[datetime.datetime(2017, 8, 1, 12, 0, tzinfo=<DstTzInfo 'Asia/Kolkata' IST+5:30:00 STD>), datetime.datetime(2017, 8, 1, 13, 26, tzinfo=<DstTzInfo 'Asia/Kolkata' IST+5:30:00 STD>)]
[datetime.datetime(2017, 9, 30, 12, 0, tzinfo=<DstTzInfo 'Asia/Kolkata' IST+5:30:00 STD>), datetime.datetime(2017, 8, 1, 13, 26, tzinfo=<DstTzInfo 'Asia/Kolkata' IST+5:30:00 STD>)]
Failed to create Test - English Comprehension Test
[datetime.datetime(2017, 8, 1, 12, 0, tzinfo=<DstTzInfo 'Asia/Kolkata' IST+5:30:00 STD>), datetime.datetime(2017, 8, 1, 13, 26, tzinfo=<DstTzInfo 'Asia/Kolkata' IST+5:30:00 STD>)]
[datetime.datetime(2017, 9, 30, 12, 0, tzinfo=<DstTzInfo 'Asia/Kolkata' IST+5:30:00 STD>), datetime.datetime(2017, 8, 1, 13, 26, tzinfo=<DstTzInfo 'Asia/Kolkata' IST+5:30:00 STD>)]
Failed to create Test - English Comprehension Test
[datetime.datetime(2017, 8, 1, 12, 0, tzinfo=<DstTzInfo 'Asia/Kolkata' IST+5:30:00 STD>), datetime.datetime(2017, 8, 1, 13, 26, tzinfo=<DstTzInfo 'Asia/Kolkata' IST+5:30:00 STD>)]
[datetime.datetime(2017, 9, 30, 12, 0, tzinfo=<DstTzInfo 'Asia/Kolkata' IST+5:30:00 STD>), datetime.datetime(2017, 8, 1, 13, 26, tzinfo=<DstTzInfo 'Asia/Kolkata' IST+5:30:00 STD>)]
Failed to create Test - English Comprehension Test
[datetime.datetime(2017, 8, 1, 12, 0, tzinfo=<DstTzInfo 'Asia/Kolkata' IST+5:30:00 STD>), datetime.datetime(2017, 8, 1, 13, 26, tzinfo=<DstTzInfo 'Asia/Kolkata' IST+5:30:00 STD>)]
[datetime.datetime(2017, 9, 30, 12, 0, tzinfo=<DstTzInfo 'Asia/Kolkata' IST+5:30:00 STD>), datetime.datetime(2017, 8, 1, 13, 26, tzinfo=<DstTzInfo 'Asia/Kolkata' IST+5:30:00 STD>)]
Failed to create Test - English Comprehension Test
[datetime.datetime(2017, 8, 1, 12, 0, tzinfo=<DstTzInfo 'Asia/Kolkata' IST+5:30:00 STD>), datetime.datetime(2017, 8, 1, 13, 26, tzinfo=<DstTzInfo 'Asia/Kolkata' IST+5:30:00 STD>)]
[datetime.datetime(2017, 9, 30, 12, 0, tzinfo=<DstTzInfo 'Asia/Kolkata' IST+5:30:00 STD>), datetime.datetime(2017, 8, 1, 13, 26, tzinfo=<DstTzInfo 'Asia/Kolkata' IST+5:30:00 STD>)]
Failed to create Test - English Comprehension Test
[datetime.datetime(2017, 8, 1, 12, 0, tzinfo=<DstTzInfo 'Asia/Kolkata' IST+5:30:00 STD>), datetime.datetime(2017, 8, 1, 13, 26, tzinfo=<DstTzInfo 'Asia/Kolkata' IST+5:30:00 STD>)]
[datetime.datetime(2017, 9, 30, 12, 0, tzinfo=<DstTzInfo 'Asia/Kolkata' IST+5:30:00 STD>), datetime.datetime(2017, 8, 1, 13, 26, tzinfo=<DstTzInfo 'Asia/Kolkata' IST+5:30:00 STD>)]
Failed to create Test - English Comprehension Test
[datetime.datetime(2017, 8, 1, 12, 0, tzinfo=<DstTzInfo 'Asia/Kolkata' IST+5:30:00 STD>), datetime.datetime(2017, 8, 1, 13, 26, tzinfo=<DstTzInfo 'Asia/Kolkata' IST+5:30:00 STD>)]
[datetime.datetime(2017, 9, 30, 12, 0, tzinfo=<DstTzInfo 'Asia/Kolkata' IST+5:30:00 STD>), datetime.datetime(2017, 8, 1, 13, 26, tzinfo=<DstTzInfo 'Asia/Kolkata' IST+5:30:00 STD>)]
Failed to create Test - English Comprehension Test
[datetime.datetime(2017, 8, 1, 12, 0, tzinfo=<DstTzInfo 'Asia/Kolkata' IST+5:30:00 STD>), datetime.datetime(2017, 8, 1, 13, 26, tzinfo=<DstTzInfo 'Asia/Kolkata' IST+5:30:00 STD>)]
[datetime.datetime(2017, 9, 30, 12, 0, tzinfo=<DstTzInfo 'Asia/Kolkata' IST+5:30:00 STD>), datetime.datetime(2017, 8, 1, 13, 26, tzinfo=<DstTzInfo 'Asia/Kolkata' IST+5:30:00 STD>)]
Failed to create Test - English Comprehension Test
[datetime.datetime(2017, 8, 1, 12, 0, tzinfo=<DstTzInfo 'Asia/Kolkata' IST+5:30:00 STD>), datetime.datetime(2017, 8, 1, 13, 26, tzinfo=<DstTzInfo 'Asia/Kolkata' IST+5:30:00 STD>)]
[datetime.datetime(2017, 9, 30, 12, 0, tzinfo=<DstTzInfo 'Asia/Kolkata' IST+5:30:00 STD>), datetime.datetime(2017, 8, 1, 13, 26, tzinfo=<DstTzInfo 'Asia/Kolkata' IST+5:30:00 STD>)]
Failed to create Test - English Comprehension Test
[datetime.datetime(2017, 8, 30, 12, 0, tzinfo=<DstTzInfo 'Asia/Kolkata' IST+5:30:00 STD>), datetime.datetime(2017, 8, 1, 13, 31, tzinfo=<DstTzInfo 'Asia/Kolkata' IST+5:30:00 STD>)]
[datetime.datetime(2017, 9, 30, 12, 0, tzinfo=<DstTzInfo 'Asia/Kolkata' IST+5:30:00 STD>), datetime.datetime(2017, 8, 1, 13, 31, tzinfo=<DstTzInfo 'Asia/Kolkata' IST+5:30:00 STD>)]
Tried to login in as admn@quiz.in from IP 127.0.0.1, but Invalid Credentials.
START
START
START
START
START
Can't convert 'datetime.datetime' object to str implicitly
Can't convert 'datetime.datetime' object to str implicitly
Can't convert 'datetime.datetime' object to str implicitly
strptime() takes exactly 2 arguments (1 given)
strptime() takes exactly 2 arguments (1 given)
strptime() takes exactly 2 arguments (1 given)
Unexpected end of template. Jinja was looking for the following tags: 'endblock'. The innermost block that needs to be closed is 'block'.
Unexpected end of template. Jinja was looking for the following tags: 'endblock'. The innermost block that needs to be closed is 'block'.
Encountered unknown tag 'end'. Jinja was looking for the following tags: 'endblock'. The innermost block that needs to be closed is 'block'.
Encountered unknown tag 'end'. Jinja was looking for the following tags: 'endblock'. The innermost block that needs to be closed is 'block'.
Encountered unknown tag 'end'. Jinja was looking for the following tags: 'endblock'. The innermost block that needs to be closed is 'block'.
Encountered unknown tag 'end'. Jinja was looking for the following tags: 'endblock'. The innermost block that needs to be closed is 'block'.
[]
[[], <class 'list'>]
'dict' object has no attribute 'filepath'
[Errno 2] No such file or directory: '/content/02-08-17/listening.mp4'
[Errno 2] No such file or directory: '/content/02-08-17/listening.mp4'
[<__main__.StudentTests object at 0x7f6c1e6ae668>]
[[sirimala.sreenath@gmail.com, ss@fju.us], <class 'list'>]
['email invitation sent', 'sirimala.sreenath@gmail.com', 'English Comprehension Test', <__main__.StudentTests object at 0x7f6c1e6ae668>]
['invitaiton', False]
im in invited function
['email invitation sent', 'ss@fju.us', 'English Comprehension Test', None]
im in invited function
